<?xml version="1.0" encoding="UTF-8"?>
<testng-results ignored="0" total="1" passed="1" failed="0" skipped="0">
  <reporter-output>
  </reporter-output>
  <suite started-at="2023-01-03T23:50:19 CST" name="Default suite" finished-at="2023-01-03T23:50:30 CST" duration-ms="11693">
    <groups>
    </groups>
    <test started-at="2023-01-03T23:50:19 CST" name="Default test" finished-at="2023-01-03T23:50:30 CST" duration-ms="11693">
      <class name="packageTestNG.AddCustomer_TestNG">
        <test-method is-config="true" signature="init()[pri:0, instance:packageTestNG.AddCustomer_TestNG@11bd0f3b]" started-at="2023-01-03T23:50:19 CST" name="init" finished-at="2023-01-03T23:50:22 CST" duration-ms="3339" status="PASS">
          <reporter-output>
          </reporter-output>
        </test-method> <!-- init -->
        <test-method signature="addNewContact()[pri:2, instance:packageTestNG.AddCustomer_TestNG@11bd0f3b]" started-at="2023-01-03T23:50:22 CST" name="addNewContact" finished-at="2023-01-03T23:50:30 CST" duration-ms="8152" status="PASS">
          <reporter-output>
          </reporter-output>
        </test-method> <!-- addNewContact -->
        <test-method is-config="true" signature="tearDown()[pri:0, instance:packageTestNG.AddCustomer_TestNG@11bd0f3b]" started-at="2023-01-03T23:50:30 CST" name="tearDown" finished-at="2023-01-03T23:50:30 CST" duration-ms="174" status="PASS">
          <reporter-output>
          </reporter-output>
        </test-method> <!-- tearDown -->
      </class> <!-- packageTestNG.AddCustomer_TestNG -->
    </test> <!-- Default test -->
  </suite> <!-- Default suite -->
</testng-results>
